240930  9:05:16 [Note] Plugin 'FEDERATED' is disabled.
240930  9:05:16 InnoDB: The InnoDB memory heap is disabled
240930  9:05:16 InnoDB: Mutexes and rw_locks use Windows interlocked functions
240930  9:05:16 InnoDB: Compressed tables use zlib 1.2.3
240930  9:05:16 InnoDB: Initializing buffer pool, size = 128.0M
240930  9:05:16 InnoDB: Completed initialization of buffer pool
240930  9:05:16 InnoDB: highest supported file format is Barracuda.
InnoDB: The log sequence number in ibdata files does not match
InnoDB: the log sequence number in the ib_logfiles!
240930  9:05:16  InnoDB: Database was not shut down normally!
InnoDB: Starting crash recovery.
InnoDB: Reading tablespace information from the .ibd files...
InnoDB: Restoring possible half-written data pages from the doublewrite
InnoDB: buffer...
240930  9:05:16  InnoDB: Waiting for the background threads to start
240930  9:05:17 InnoDB: 1.1.8 started; log sequence number 1733474
240930  9:05:17 [Note] Event Scheduler: Loaded 0 events
240930  9:05:17 [Note] D:\USBWebserver v8.5\8.5/mysql/bin/mysqld_usbwv8.exe: ready for connections.
Version: '5.5.20'  socket: ''  port: 3307  MySQL Community Server (GPL)
241002  8:30:07 [Note] Plugin 'FEDERATED' is disabled.
241002  8:30:07 InnoDB: The InnoDB memory heap is disabled
241002  8:30:07 InnoDB: Mutexes and rw_locks use Windows interlocked functions
241002  8:30:07 InnoDB: Compressed tables use zlib 1.2.3
241002  8:30:07 InnoDB: Initializing buffer pool, size = 128.0M
241002  8:30:07 InnoDB: Completed initialization of buffer pool
241002  8:30:07 InnoDB: highest supported file format is Barracuda.
InnoDB: The log sequence number in ibdata files does not match
InnoDB: the log sequence number in the ib_logfiles!
241002  8:30:07  InnoDB: Database was not shut down normally!
InnoDB: Starting crash recovery.
InnoDB: Reading tablespace information from the .ibd files...
InnoDB: Restoring possible half-written data pages from the doublewrite
InnoDB: buffer...
241002  8:30:07  InnoDB: Waiting for the background threads to start
241002  8:30:08 InnoDB: 1.1.8 started; log sequence number 3519869
241002  8:30:09 [Note] Event Scheduler: Loaded 0 events
241002  8:30:09 [Note] D:\USBWebserver v8.5\8.5/mysql/bin/mysqld_usbwv8.exe: ready for connections.
Version: '5.5.20'  socket: ''  port: 8080  MySQL Community Server (GPL)
241007  8:18:04 [Note] Plugin 'FEDERATED' is disabled.
241007  8:18:04 InnoDB: The InnoDB memory heap is disabled
241007  8:18:04 InnoDB: Mutexes and rw_locks use Windows interlocked functions
241007  8:18:04 InnoDB: Compressed tables use zlib 1.2.3
241007  8:18:04 InnoDB: Initializing buffer pool, size = 128.0M
241007  8:18:04 InnoDB: Completed initialization of buffer pool
241007  8:18:04 InnoDB: highest supported file format is Barracuda.
InnoDB: The log sequence number in ibdata files does not match
InnoDB: the log sequence number in the ib_logfiles!
241007  8:18:04  InnoDB: Database was not shut down normally!
InnoDB: Starting crash recovery.
InnoDB: Reading tablespace information from the .ibd files...
InnoDB: Restoring possible half-written data pages from the doublewrite
InnoDB: buffer...
241007  8:18:05  InnoDB: Waiting for the background threads to start
241007  8:18:06 InnoDB: 1.1.8 started; log sequence number 3821667
