::1 - - [28/Mar/2025:08:59:08 -0300] "GET /phpmyadmin HTTP/1.1" 301 241
::1 - - [28/Mar/2025:08:59:08 -0300] "GET /phpmyadmin/ HTTP/1.1" 200 7955
::1 - - [28/Mar/2025:08:59:08 -0300] "GET /phpmyadmin/themes/pmahomme/jquery/jquery-ui-1.8.custom.css HTTP/1.1" 200 30846
::1 - - [28/Mar/2025:08:59:08 -0300] "GET /phpmyadmin/js/functions.js?ts=1743079782 HTTP/1.1" 200 31563
::1 - - [28/Mar/2025:08:59:08 -0300] "GET /phpmyadmin/js/cross_framing_protection.js?ts=1743079782 HTTP/1.1" 200 331
::1 - - [28/Mar/2025:08:59:08 -0300] "GET /phpmyadmin/js/jquery/jquery.qtip-1.0.0.min.js?ts=1743079783 HTTP/1.1" 200 38434
::1 - - [28/Mar/2025:08:59:08 -0300] "GET /phpmyadmin/js/jquery/jquery-1.4.4.js?ts=1743079783 HTTP/1.1" 200 78268
::1 - - [28/Mar/2025:08:59:08 -0300] "GET /phpmyadmin/js/update-location.js?ts=1743079783 HTTP/1.1" 200 758
::1 - - [28/Mar/2025:08:59:08 -0300] "GET /phpmyadmin/themes/pmahomme/img/logo_right.png HTTP/1.1" 200 4921
::1 - - [28/Mar/2025:08:59:08 -0300] "GET /phpmyadmin/phpmyadmin.css.php?server=1&lang=pt_BR&collation_connection=utf8_general_ci&token=c6603d12fa6a9337f5c695738c7f9304&js_frame=right&nocache=5229239739 HTTP/1.1" 200 41672
::1 - - [28/Mar/2025:08:59:08 -0300] "GET /phpmyadmin/themes/pmahomme/img/b_help.png HTTP/1.1" 200 1594
::1 - - [28/Mar/2025:08:59:08 -0300] "GET /phpmyadmin/print.css HTTP/1.1" 200 1064
::1 - - [28/Mar/2025:08:59:08 -0300] "GET /phpmyadmin/js/messages.php?lang=pt_BR&db=&collation_connection=utf8_general_ci&token=c6603d12fa6a9337f5c695738c7f9304 HTTP/1.1" 200 5254
::1 - - [28/Mar/2025:08:59:08 -0300] "GET /phpmyadmin/themes/pmahomme/img/input_bg.gif HTTP/1.1" 200 162
::1 - - [28/Mar/2025:08:59:08 -0300] "GET /phpmyadmin/themes/pmahomme/img/s_notice.png HTTP/1.1" 200 666
::1 - - [28/Mar/2025:08:59:08 -0300] "GET /phpmyadmin/favicon.ico HTTP/1.1" 200 18902
::1 - - [28/Mar/2025:08:59:10 -0300] "POST /phpmyadmin/index.php HTTP/1.1" 302 -
::1 - - [28/Mar/2025:08:59:10 -0300] "GET /phpmyadmin/index.php?token=c6603d12fa6a9337f5c695738c7f9304 HTTP/1.1" 200 2614
::1 - - [28/Mar/2025:08:59:10 -0300] "GET /phpmyadmin/js/common.js?ts=1743079782 HTTP/1.1" 200 5294
::1 - - [28/Mar/2025:08:59:10 -0300] "GET /phpmyadmin/navigation.php?token=c6603d12fa6a9337f5c695738c7f9304 HTTP/1.1" 200 4575
::1 - - [28/Mar/2025:08:59:10 -0300] "GET /phpmyadmin/js/functions.js HTTP/1.1" 200 31563
::1 - - [28/Mar/2025:08:59:10 -0300] "GET /phpmyadmin/js/jquery/jquery-1.4.4.js HTTP/1.1" 200 78268
::1 - - [28/Mar/2025:08:59:10 -0300] "GET /phpmyadmin/js/navigation.js HTTP/1.1" 200 2521
::1 - - [28/Mar/2025:08:59:10 -0300] "GET /phpmyadmin/themes/pmahomme/img/logo_left.png HTTP/1.1" 200 4970
::1 - - [28/Mar/2025:08:59:10 -0300] "GET /phpmyadmin/themes/pmahomme/img/s_reload.png HTTP/1.1" 200 608
::1 - - [28/Mar/2025:08:59:10 -0300] "GET /phpmyadmin/themes/pmahomme/img/b_home.png HTTP/1.1" 200 806
::1 - - [28/Mar/2025:08:59:10 -0300] "GET /phpmyadmin/themes/pmahomme/img/s_loggoff.png HTTP/1.1" 200 688
::1 - - [28/Mar/2025:08:59:10 -0300] "GET /phpmyadmin/themes/pmahomme/img/b_selboard.png HTTP/1.1" 200 698
::1 - - [28/Mar/2025:08:59:10 -0300] "GET /phpmyadmin/js/config.js?ts=1743079782 HTTP/1.1" 200 9480
::1 - - [28/Mar/2025:08:59:10 -0300] "GET /phpmyadmin/js/jquery/jquery.sprintf.js?ts=1743079783 HTTP/1.1" 200 987
::1 - - [28/Mar/2025:08:59:10 -0300] "GET /phpmyadmin/js/jquery/jquery-ui-1.8.custom.js?ts=1743079783 HTTP/1.1" 200 190765
::1 - - [28/Mar/2025:08:59:10 -0300] "GET /phpmyadmin/main.php?token=c6603d12fa6a9337f5c695738c7f9304 HTTP/1.1" 200 42216
::1 - - [28/Mar/2025:08:59:10 -0300] "GET /phpmyadmin/themes/pmahomme/img/b_docs.png HTTP/1.1" 200 786
::1 - - [28/Mar/2025:08:59:10 -0300] "GET /phpmyadmin/themes/pmahomme/img/window-new.png HTTP/1.1" 200 583
::1 - - [28/Mar/2025:08:59:10 -0300] "GET /phpmyadmin/themes/pmahomme/img/b_sqlhelp.png HTTP/1.1" 200 579
::1 - - [28/Mar/2025:08:59:10 -0300] "GET /phpmyadmin/phpmyadmin.css.php?token=c6603d12fa6a9337f5c695738c7f9304&js_frame=left&nocache=6972402889 HTTP/1.1" 200 5861
::1 - - [28/Mar/2025:08:59:10 -0300] "GET /phpmyadmin/themes/pmahomme/img/left_nav_bg.png HTTP/1.1" 200 215
::1 - - [28/Mar/2025:08:59:10 -0300] "GET /phpmyadmin/themes/pmahomme/img/database.png HTTP/1.1" 200 390
::1 - - [28/Mar/2025:08:59:10 -0300] "GET /phpmyadmin/phpmyadmin.css.php?server=1&token=c6603d12fa6a9337f5c695738c7f9304&js_frame=right&nocache=6972402889 HTTP/1.1" 200 41672
::1 - - [28/Mar/2025:08:59:10 -0300] "GET /phpmyadmin/themes/pmahomme/img/s_host.png HTTP/1.1" 200 667
::1 - - [28/Mar/2025:08:59:10 -0300] "GET /phpmyadmin/themes/pmahomme/img/s_db.png HTTP/1.1" 200 390
::1 - - [28/Mar/2025:08:59:10 -0300] "GET /phpmyadmin/themes/pmahomme/img/b_sql.png HTTP/1.1" 200 748
::1 - - [28/Mar/2025:08:59:10 -0300] "GET /phpmyadmin/themes/pmahomme/img/s_status.png HTTP/1.1" 200 673
::1 - - [28/Mar/2025:08:59:10 -0300] "GET /phpmyadmin/themes/pmahomme/img/s_process.png HTTP/1.1" 200 512
::1 - - [28/Mar/2025:08:59:10 -0300] "GET /phpmyadmin/themes/pmahomme/img/s_rights.png HTTP/1.1" 200 533
::1 - - [28/Mar/2025:08:59:10 -0300] "GET /phpmyadmin/themes/pmahomme/img/b_export.png HTTP/1.1" 200 641
::1 - - [28/Mar/2025:08:59:10 -0300] "GET /phpmyadmin/themes/pmahomme/img/b_import.png HTTP/1.1" 200 629
::1 - - [28/Mar/2025:08:59:10 -0300] "GET /phpmyadmin/themes/pmahomme/img/s_vars.png HTTP/1.1" 200 603
::1 - - [28/Mar/2025:08:59:10 -0300] "GET /phpmyadmin/themes/pmahomme/img/s_asci.png HTTP/1.1" 200 209
::1 - - [28/Mar/2025:08:59:10 -0300] "GET /phpmyadmin/js/messages.php?lang=pt_BR&db=&token=c6603d12fa6a9337f5c695738c7f9304 HTTP/1.1" 200 5254
::1 - - [28/Mar/2025:08:59:10 -0300] "GET /phpmyadmin/themes/pmahomme/img/b_engine.png HTTP/1.1" 200 468
::1 - - [28/Mar/2025:08:59:10 -0300] "GET /phpmyadmin/themes/pmahomme/img/s_replication.png HTTP/1.1" 200 447
::1 - - [28/Mar/2025:08:59:10 -0300] "GET /phpmyadmin/themes/pmahomme/img/b_tblops.png HTTP/1.1" 200 610
::1 - - [28/Mar/2025:08:59:10 -0300] "GET /phpmyadmin/themes/pmahomme/img/s_sync.png HTTP/1.1" 200 551
::1 - - [28/Mar/2025:08:59:10 -0300] "GET /phpmyadmin/themes/pmahomme/img/tab_bg.png HTTP/1.1" 200 160
::1 - - [28/Mar/2025:08:59:10 -0300] "GET /phpmyadmin/themes/pmahomme/img/s_passwd.png HTTP/1.1" 200 435
::1 - - [28/Mar/2025:08:59:10 -0300] "GET /phpmyadmin/themes/pmahomme/img/s_theme.png HTTP/1.1" 200 856
::1 - - [28/Mar/2025:08:59:10 -0300] "GET /phpmyadmin/themes/pmahomme/img/s_lang.png HTTP/1.1" 200 743
::1 - - [28/Mar/2025:08:59:10 -0300] "GET /phpmyadmin/themes/pmahomme/img/b_more.png HTTP/1.1" 200 1002
::1 - - [28/Mar/2025:08:59:12 -0300] "GET /phpmyadmin/themes/pmahomme/img/tab_hover_bg.png HTTP/1.1" 200 1278
::1 - - [28/Mar/2025:08:59:12 -0300] "GET /phpmyadmin/server_sql.php?token=c6603d12fa6a9337f5c695738c7f9304 HTTP/1.1" 200 9370
::1 - - [28/Mar/2025:08:59:12 -0300] "GET /phpmyadmin/js/sql.js?ts=1743079782 HTTP/1.1" 200 15945
::1 - - [28/Mar/2025:08:59:18 -0300] "GET /phpmyadmin/server_import.php?token=c6603d12fa6a9337f5c695738c7f9304 HTTP/1.1" 200 17993
::1 - - [28/Mar/2025:08:59:18 -0300] "GET /phpmyadmin/js/import.js?ts=1743079782 HTTP/1.1" 200 1383
::1 - - [28/Mar/2025:08:59:18 -0300] "GET /phpmyadmin/themes/pmahomme/img/ajax_clock_small.gif HTTP/1.1" 200 1849
::1 - - [28/Mar/2025:09:07:18 -0300] "GET /phpmyadmin/server_databases.php?token=c6603d12fa6a9337f5c695738c7f9304 HTTP/1.1" 200 40602
::1 - - [28/Mar/2025:09:07:18 -0300] "GET /phpmyadmin/themes/pmahomme/img/s_asc.png HTTP/1.1" 200 201
::1 - - [28/Mar/2025:09:07:18 -0300] "GET /phpmyadmin/themes/pmahomme/img/arrow_ltr.png HTTP/1.1" 200 184
::1 - - [28/Mar/2025:09:07:18 -0300] "GET /phpmyadmin/themes/pmahomme/img/b_deltbl.png HTTP/1.1" 200 660
::1 - - [28/Mar/2025:09:07:18 -0300] "GET /phpmyadmin/themes/pmahomme/img/b_newdb.png HTTP/1.1" 200 658
::1 - - [28/Mar/2025:09:07:18 -0300] "GET /phpmyadmin/themes/pmahomme/img/b_dbstatistics.png HTTP/1.1" 200 541
::1 - - [28/Mar/2025:09:07:19 -0300] "GET /phpmyadmin/server_sql.php?token=c6603d12fa6a9337f5c695738c7f9304 HTTP/1.1" 200 9370
::1 - - [28/Mar/2025:09:07:21 -0300] "POST /phpmyadmin/import.php HTTP/1.1" 200 3128
::1 - - [28/Mar/2025:09:07:27 -0300] "POST /phpmyadmin/import.php HTTP/1.1" 200 1345
::1 - - [28/Mar/2025:09:07:27 -0300] "GET /phpmyadmin/themes/pmahomme/img/s_error.png HTTP/1.1" 200 701
::1 - - [28/Mar/2025:09:07:30 -0300] "GET /phpmyadmin/index.php?token=c6603d12fa6a9337f5c695738c7f9304 HTTP/1.1" 200 2614
::1 - - [28/Mar/2025:09:07:30 -0300] "GET /phpmyadmin/navigation.php?token=c6603d12fa6a9337f5c695738c7f9304 HTTP/1.1" 200 4734
::1 - - [28/Mar/2025:09:07:30 -0300] "GET /phpmyadmin/main.php?token=c6603d12fa6a9337f5c695738c7f9304 HTTP/1.1" 200 42216
::1 - - [28/Mar/2025:09:07:43 -0300] "GET /phpmyadmin/index.php?db=test&token=c6603d12fa6a9337f5c695738c7f9304 HTTP/1.1" 200 2650
::1 - - [28/Mar/2025:09:07:44 -0300] "GET /phpmyadmin/navigation.php?token=c6603d12fa6a9337f5c695738c7f9304&db=test HTTP/1.1" 200 5029
::1 - - [28/Mar/2025:09:07:44 -0300] "GET /phpmyadmin/themes/pmahomme/img/b_snewtbl.png HTTP/1.1" 200 733
::1 - - [28/Mar/2025:09:07:44 -0300] "GET /phpmyadmin/db_structure.php?token=c6603d12fa6a9337f5c695738c7f9304&db=test HTTP/1.1" 200 8299
::1 - - [28/Mar/2025:09:07:44 -0300] "GET /phpmyadmin/js/db_structure.js?ts=1743079782 HTTP/1.1" 200 3178
::1 - - [28/Mar/2025:09:07:44 -0300] "GET /phpmyadmin/themes/pmahomme/img/item_ltr.png HTTP/1.1" 200 162
::1 - - [28/Mar/2025:09:07:44 -0300] "GET /phpmyadmin/themes/pmahomme/img/b_props.png HTTP/1.1" 200 663
::1 - - [28/Mar/2025:09:07:44 -0300] "GET /phpmyadmin/themes/pmahomme/img/b_search.png HTTP/1.1" 200 615
::1 - - [28/Mar/2025:09:07:44 -0300] "GET /phpmyadmin/themes/pmahomme/img/b_newtbl.png HTTP/1.1" 200 325
::1 - - [28/Mar/2025:09:07:44 -0300] "GET /phpmyadmin/js/messages.php?lang=pt_BR&db=test&token=c6603d12fa6a9337f5c695738c7f9304 HTTP/1.1" 200 5258
::1 - - [28/Mar/2025:09:07:44 -0300] "GET /phpmyadmin/themes/pmahomme/img/error.ico HTTP/1.1" 200 5430
::1 - - [28/Mar/2025:09:07:47 -0300] "GET /phpmyadmin/navigation.php?server=1&token=c6603d12fa6a9337f5c695738c7f9304&db=test_db&table=&lang=pt_BR&collation_connection=utf8_general_ci HTTP/1.1" 200 5516
::1 - - [28/Mar/2025:09:07:47 -0300] "GET /phpmyadmin/themes/pmahomme/img/b_sbrowse.png HTTP/1.1" 200 566
::1 - - [28/Mar/2025:09:07:47 -0300] "GET /phpmyadmin/themes/pmahomme/img/b_browse.png HTTP/1.1" 200 566
::1 - - [28/Mar/2025:09:07:47 -0300] "GET /phpmyadmin/themes/pmahomme/img/b_select.png HTTP/1.1" 200 680
::1 - - [28/Mar/2025:09:07:47 -0300] "GET /phpmyadmin/db_structure.php?server=1&token=c6603d12fa6a9337f5c695738c7f9304&db=test_db&table=&lang=pt_BR&collation_connection=utf8_general_ci HTTP/1.1" 200 15613
::1 - - [28/Mar/2025:09:07:47 -0300] "GET /phpmyadmin/themes/pmahomme/img/b_insrow.png HTTP/1.1" 200 228
::1 - - [28/Mar/2025:09:07:47 -0300] "GET /phpmyadmin/themes/pmahomme/img/b_empty.png HTTP/1.1" 200 363
::1 - - [28/Mar/2025:09:07:47 -0300] "GET /phpmyadmin/themes/pmahomme/img/b_drop.png HTTP/1.1" 200 715
::1 - - [28/Mar/2025:09:07:47 -0300] "GET /phpmyadmin/themes/pmahomme/img/b_print.png HTTP/1.1" 200 731
::1 - - [28/Mar/2025:09:07:47 -0300] "GET /phpmyadmin/themes/pmahomme/img/b_tblanalyse.png HTTP/1.1" 200 234
::1 - - [28/Mar/2025:09:07:47 -0300] "GET /phpmyadmin/js/messages.php?lang=pt_BR&db=test_db&token=c6603d12fa6a9337f5c695738c7f9304 HTTP/1.1" 200 5261
::1 - - [28/Mar/2025:09:07:54 -0300] "GET /phpmyadmin/themes/pmahomme/img/marked_bg.png HTTP/1.1" 200 977
::1 - - [28/Mar/2025:09:08:57 -0300] "GET /phpmyadmin/main.php?token=c6603d12fa6a9337f5c695738c7f9304 HTTP/1.1" 200 42216
::1 - - [28/Mar/2025:09:08:57 -0300] "GET /phpmyadmin/navigation.php?server=1&token=c6603d12fa6a9337f5c695738c7f9304&db=&table=&lang=pt_BR&collation_connection=utf8_general_ci HTTP/1.1" 200 4734
::1 - - [28/Mar/2025:09:08:58 -0300] "GET /phpmyadmin/server_sql.php?token=c6603d12fa6a9337f5c695738c7f9304 HTTP/1.1" 200 9370
::1 - - [28/Mar/2025:09:09:00 -0300] "POST /phpmyadmin/import.php HTTP/1.1" 200 3192
::1 - - [28/Mar/2025:09:09:04 -0300] "POST /phpmyadmin/import.php HTTP/1.1" 200 3642
::1 - - [28/Mar/2025:09:09:06 -0300] "GET /phpmyadmin/index.php?db=test&token=c6603d12fa6a9337f5c695738c7f9304 HTTP/1.1" 200 2650
::1 - - [28/Mar/2025:09:09:06 -0300] "GET /phpmyadmin/navigation.php?token=c6603d12fa6a9337f5c695738c7f9304&db=test HTTP/1.1" 200 5083
::1 - - [28/Mar/2025:09:09:06 -0300] "GET /phpmyadmin/db_structure.php?token=c6603d12fa6a9337f5c695738c7f9304&db=test HTTP/1.1" 200 8299
::1 - - [28/Mar/2025:09:09:11 -0300] "GET /phpmyadmin/navigation.php?server=1&token=c6603d12fa6a9337f5c695738c7f9304&db=meu_banco&table=&lang=pt_BR&collation_connection=utf8_general_ci HTTP/1.1" 200 5586
::1 - - [28/Mar/2025:09:09:11 -0300] "GET /phpmyadmin/db_structure.php?server=1&token=c6603d12fa6a9337f5c695738c7f9304&db=meu_banco&table=&lang=pt_BR&collation_connection=utf8_general_ci HTTP/1.1" 200 15695
::1 - - [28/Mar/2025:09:09:11 -0300] "GET /phpmyadmin/js/messages.php?lang=pt_BR&db=meu_banco&token=c6603d12fa6a9337f5c695738c7f9304 HTTP/1.1" 200 5263
